#
# There is insufficient memory for the Java Runtime Environment to continue.
# Native memory allocation (malloc) failed to allocate 1048576 bytes for AllocateHeap
# Possible reasons:
#   The system is out of physical RAM or swap space
#   In 32 bit mode, the process size limit was hit
# Possible solutions:
#   Reduce memory load on the system
#   Increase physical memory or swap space
#   Check if swap backing store is full
#   Use 64 bit Java on a 64 bit OS
#   Decrease Java heap size (-Xmx/-Xms)
#   Decrease number of Java threads
#   Decrease Java thread stack sizes (-Xss)
#   Set larger code cache with -XX:ReservedCodeCacheSize=
# This output file may be truncated or incomplete.
#
#  Out of Memory Error (memory/allocation.inline.hpp:61), pid=10104, tid=10132
#
# JRE version:  (7.0_51-b13) (build )
# Java VM: Java HotSpot(TM) 64-Bit Server VM (24.51-b03 mixed mode windows-amd64 compressed oops)
# Failed to write core dump. Minidumps are not enabled by default on client versions of Windows
#

---------------  T H R E A D  ---------------

Current thread (0x00000000022f0800):  JavaThread "Unknown thread" [_thread_in_vm, id=10132, stack(0x00000000021f0000,0x00000000022f0000)]

Stack: [0x00000000021f0000,0x00000000022f0000]

---------------  P R O C E S S  ---------------

Java Threads: ( => current thread )

Other Threads:

=>0x00000000022f0800 (exited) JavaThread "Unknown thread" [_thread_in_vm, id=10132, stack(0x00000000021f0000,0x00000000022f0000)]

VM state:not at safepoint (normal execution)

VM Mutex/Monitor currently owned by a thread: None

Heap
 PSYoungGen      total 76288K, used 1310K [0x00000007ab000000, 0x00000007b0500000, 0x0000000800000000)
  eden space 65536K, 2% used [0x00000007ab000000,0x00000007ab147b50,0x00000007af000000)
  from space 10752K, 0% used [0x00000007afa80000,0x00000007afa80000,0x00000007b0500000)
  to   space 10752K, 0% used [0x00000007af000000,0x00000007af000000,0x00000007afa80000)
 ParOldGen       total 174080K, used 0K [0x0000000701000000, 0x000000070ba00000, 0x00000007ab000000)
  object space 174080K, 0% used [0x0000000701000000,0x0000000701000000,0x000000070ba00000)
 PSPermGen       total 21504K, used 656K [0x00000006fbe00000, 0x00000006fd300000, 0x0000000701000000)
  object space 21504K, 3% used [0x00000006fbe00000,0x00000006fbea41e8,0x00000006fd300000)

Card table byte_map: [0x00000000053f0000,0x0000000005c20000] byte_map_base: 0x0000000001c11000

Polling page: 0x00000000006b0000

Code Cache  [0x00000000023f0000, 0x0000000002660000, 0x00000000053f0000)
 total_blobs=38 nmethods=0 adapters=20 free_code_cache=48889Kb largest_free_block=50062528

Compilation events (0 events):
No events

GC Heap History (0 events):
No events

Deoptimization events (0 events):
No events

Internal exceptions (0 events):
No events

Events (10 events):
Event: 0.024 loading class 0x000000000233f6f0
Event: 0.024 loading class 0x000000000233f6f0 done
Event: 0.024 loading class 0x000000000233f740
Event: 0.024 loading class 0x000000000233f740 done
Event: 0.024 loading class 0x000000000233f790
Event: 0.024 loading class 0x000000000233f790 done
Event: 0.025 loading class 0x00000000023404f0
Event: 0.025 loading class 0x00000000023404f0 done
Event: 0.025 loading class 0x0000000002340110
Event: 0.025 loading class 0x0000000002340110 done


Dynamic libraries:
0x00007ff79f270000 - 0x00007ff79f2a3000 	C:\Program Files\Java\jre7\bin\javaw.exe
0x00007fff7e9c0000 - 0x00007fff7eb69000 	C:\WINDOWS\SYSTEM32\ntdll.dll
0x00007fff7cc20000 - 0x00007fff7cd59000 	C:\WINDOWS\system32\KERNEL32.DLL
0x00007fff7beb0000 - 0x00007fff7bfbf000 	C:\WINDOWS\system32\KERNELBASE.dll
0x00007fff7a970000 - 0x00007fff7a9fb000 	C:\WINDOWS\system32\apphelp.dll
0x00007fff6cbe0000 - 0x00007fff6cc2f000 	C:\WINDOWS\AppPatch\AppPatch64\AcGenral.DLL
0x00007fff7c9c0000 - 0x00007fff7ca67000 	C:\WINDOWS\system32\msvcrt.dll
0x00007fff7bb80000 - 0x00007fff7bbab000 	C:\WINDOWS\SYSTEM32\SspiCli.dll
0x00007fff7ca70000 - 0x00007fff7cac1000 	C:\WINDOWS\system32\SHLWAPI.dll
0x00007fff7cf80000 - 0x00007fff7d0f1000 	C:\WINDOWS\system32\USER32.dll
0x00007fff7cd60000 - 0x00007fff7ced6000 	C:\WINDOWS\system32\ole32.dll
0x00007fff7d100000 - 0x00007fff7e510000 	C:\WINDOWS\system32\SHELL32.dll
0x00007fff7b310000 - 0x00007fff7b32f000 	C:\WINDOWS\SYSTEM32\USERENV.dll
0x00007fff7c610000 - 0x00007fff7c6b5000 	C:\WINDOWS\system32\ADVAPI32.dll
0x00007fff79060000 - 0x00007fff7907b000 	C:\WINDOWS\SYSTEM32\MPR.dll
0x00007fff7cad0000 - 0x00007fff7cc06000 	C:\WINDOWS\system32\RPCRT4.dll
0x00007fff7c5b0000 - 0x00007fff7c607000 	C:\WINDOWS\SYSTEM32\sechost.dll
0x00007fff7c7e0000 - 0x00007fff7c9b7000 	C:\WINDOWS\SYSTEM32\combase.dll
0x00007fff7e7c0000 - 0x00007fff7e905000 	C:\WINDOWS\system32\GDI32.dll
0x00007fff7bd40000 - 0x00007fff7bd54000 	C:\WINDOWS\SYSTEM32\profapi.dll
0x00007fff7a390000 - 0x00007fff7a431000 	C:\WINDOWS\SYSTEM32\SHCORE.dll
0x00007fff7e910000 - 0x00007fff7e944000 	C:\WINDOWS\system32\IMM32.DLL
0x00007fff7c2d0000 - 0x00007fff7c408000 	C:\WINDOWS\system32\MSCTF.dll
0x00007fff79f50000 - 0x00007fff7a1aa000 	C:\WINDOWS\WinSxS\amd64_microsoft.windows.common-controls_6595b64144ccf1df_6.0.9600.16384_none_62475f7becb72503\COMCTL32.dll
0x000000005b6b0000 - 0x000000005b782000 	C:\Program Files\Java\jre7\bin\msvcr100.dll
0x000000005aee0000 - 0x000000005b6a9000 	C:\Program Files\Java\jre7\bin\server\jvm.dll
0x00007fff753e0000 - 0x00007fff753e9000 	C:\WINDOWS\SYSTEM32\WSOCK32.dll
0x00007fff76980000 - 0x00007fff7699f000 	C:\WINDOWS\SYSTEM32\WINMM.dll
0x00007fff7cc10000 - 0x00007fff7cc17000 	C:\WINDOWS\system32\PSAPI.DLL
0x00007fff7c250000 - 0x00007fff7c2a8000 	C:\WINDOWS\system32\WS2_32.dll
0x00007fff76940000 - 0x00007fff7696a000 	C:\WINDOWS\SYSTEM32\WINMMBASE.dll
0x00007fff7e510000 - 0x00007fff7e519000 	C:\WINDOWS\system32\NSI.dll
0x00007fff7be10000 - 0x00007fff7be5a000 	C:\WINDOWS\SYSTEM32\cfgmgr32.dll
0x00007fff7abd0000 - 0x00007fff7abf6000 	C:\WINDOWS\SYSTEM32\DEVOBJ.dll
0x000000005c1e0000 - 0x000000005c1ef000 	C:\Program Files\Java\jre7\bin\verify.dll
0x000000005aeb0000 - 0x000000005aed8000 	C:\Program Files\Java\jre7\bin\java.dll
0x000000005ae90000 - 0x000000005aea5000 	C:\Program Files\Java\jre7\bin\zip.dll

VM Arguments:
jvm_args: -Djava.library.path=D:\Development\_Java\eclipseworkspace\PrenJava\res\OpenCV -Dfile.encoding=Cp1252 
java_command: FilterPicker.FilterPicker
Launcher Type: SUN_STANDARD

Environment Variables:
JAVA_HOME=C:\Program Files\Java\jdk1.7.0_51
PATH=C:\Program Files (x86)\HP SimplePass\;C:\Program Files (x86)\NVIDIA Corporation\PhysX\Common;C:\WINDOWS\system32;C:\WINDOWS;C:\WINDOWS\System32\Wbem;C:\WINDOWS\System32\WindowsPowerShell\v1.0\;C:\Program Files\TortoiseSVN\bin;C:\Program Files (x86)\Windows Kits\8.1\Windows Performance Toolkit\;C:\Program Files\Microsoft SQL Server\110\Tools\Binn\;0X0.000000P-1022NT_HOME\bin;JAVA_HOME\bin
USERNAME=o2xygen
OS=Windows_NT
PROCESSOR_IDENTIFIER=Intel64 Family 6 Model 60 Stepping 3, GenuineIntel



---------------  S Y S T E M  ---------------

OS: Windows 8 , 64 bit Build 9200 

CPU:total 8 (4 cores per cpu, 2 threads per core) family 6 model 60 stepping 3, cmov, cx8, fxsr, mmx, sse, sse2, sse3, ssse3, sse4.1, sse4.2, popcnt, avx, avx2, aes, erms, ht, tsc, tscinvbit

Memory: 4k page, physical 16707604k(10290484k free), swap 18780180k(5748k free)

vm_info: Java HotSpot(TM) 64-Bit Server VM (24.51-b03) for windows-amd64 JRE (1.7.0_51-b13), built on Dec 18 2013 18:40:56 by "java_re" with unknown MS VC++:1600

time: Fri Mar 14 13:54:42 2014
elapsed time: 0 seconds

